<?xml version="1.0" encoding="UTF-8"?>
<!-- Generated by org.testng.reporters.JUnitXMLReporter -->
<testsuite hostname="indrajittt-PC" ignored="0" name="Default test" tests="3" failures="0" timestamp="17 Dec 2017 06:14:16 GMT" time="24.63" errors="0">
  <testcase name="testInvalidLogin" time="1.241" classname="script.InvalidLogin"/>
  <testcase name="testInvalidLogin" time="0.958" classname="script.InvalidLogin"/>
  <testcase name="testInvalidLogin" time="0.932" classname="script.InvalidLogin"/>
</testsuite> <!-- Default test -->
